<?xml version="1.0" encoding="UTF-8"?>
<!-- Generated by org.testng.reporters.JUnitReportReporter -->
<testsuite hostname="Nostras-MacBook-Pro.local" failures="0" tests="4" name="com.jakartalabsassignment.diandra_irdianti.BuilderUITest" time="51.599" errors="0" timestamp="2021-04-16T19:38:03 WIB" skipped="0">
  <testcase classname="com.jakartalabsassignment.diandra_irdianti.BuilderUITest" name="login" time="11.696"/>
  <system-out/>
  <testcase classname="com.jakartalabsassignment.diandra_irdianti.BuilderUITest" name="createBuilder" time="4.854"/>
  <system-out/>
  <testcase classname="com.jakartalabsassignment.diandra_irdianti.BuilderUITest" name="getStarted" time="10.096"/>
  <system-out/>
  <testcase classname="com.jakartalabsassignment.diandra_irdianti.BuilderUITest" name="deliveryAndDeleteCard" time="24.953"/>
  <system-out/>
</testsuite> <!-- com.jakartalabsassignment.diandra_irdianti.BuilderUITest -->
