<?xml version="1.0" encoding="UTF-8"?>
<!-- Generated by org.testng.reporters.JUnitReportReporter -->
<testsuite hostname="Nostras-MacBook-Pro.local" failures="0" tests="4" name="com.jakartalabsassignment.diandra_irdianti.BuilderAPITest" time="17.165" errors="0" timestamp="2021-04-16T19:42:29 WIB" skipped="0">
  <testcase classname="com.jakartalabsassignment.diandra_irdianti.BuilderAPITest" name="signUpAPI" time="10.942"/>
  <system-out/>
  <testcase classname="com.jakartalabsassignment.diandra_irdianti.BuilderAPITest" name="setCurrencyAPI" time="2.732"/>
  <system-out/>
  <testcase classname="com.jakartalabsassignment.diandra_irdianti.BuilderAPITest" name="profileAPI" time="1.815"/>
  <system-out/>
  <testcase classname="com.jakartalabsassignment.diandra_irdianti.BuilderAPITest" name="signOutAPI" time="1.676"/>
  <system-out/>
</testsuite> <!-- com.jakartalabsassignment.diandra_irdianti.BuilderAPITest -->
