<?xml version="1.0" encoding="UTF-8"?>
<!-- Generated by org.testng.reporters.JUnitReportReporter -->
<testsuite hostname="Nostras-MacBook-Pro.local" failures="0" tests="4" name="com.jakartalabsassignment.diandra_irdianti.BuilderAPITest" time="13.825" errors="0" timestamp="16 Apr 2021 13:17:39 GMT" skipped="0">
  <testcase classname="com.jakartalabsassignment.diandra_irdianti.BuilderAPITest" name="signUpAPI" time="9.114"/>
  <testcase classname="com.jakartalabsassignment.diandra_irdianti.BuilderAPITest" name="setCurrencyAPI" time="1.905"/>
  <testcase classname="com.jakartalabsassignment.diandra_irdianti.BuilderAPITest" name="profileAPI" time="1.474"/>
  <testcase classname="com.jakartalabsassignment.diandra_irdianti.BuilderAPITest" name="signOutAPI" time="1.332"/>
</testsuite> <!-- com.jakartalabsassignment.diandra_irdianti.BuilderAPITest -->
